0 info it worked if it ends with ok
1 verbose cli [ '/Users/mouafa/.nvm/versions/node/v7.6.0/bin/node',
1 verbose cli   '/Users/mouafa/.nvm/versions/node/v7.6.0/bin/npm',
1 verbose cli   'run',
1 verbose cli   'semantic-release' ]
2 info using npm@4.1.2
3 info using node@v7.6.0
4 verbose run-script [ 'presemantic-release',
4 verbose run-script   'semantic-release',
4 verbose run-script   'postsemantic-release' ]
5 info lifecycle malal@0.0.0-development~presemantic-release: malal@0.0.0-development
6 silly lifecycle malal@0.0.0-development~presemantic-release: no script for presemantic-release, continuing
7 info lifecycle malal@0.0.0-development~semantic-release: malal@0.0.0-development
8 verbose lifecycle malal@0.0.0-development~semantic-release: unsafe-perm in lifecycle true
9 verbose lifecycle malal@0.0.0-development~semantic-release: PATH: /Users/mouafa/.nvm/versions/node/v7.6.0/lib/node_modules/npm/bin/node-gyp-bin:/Users/mouafa/Work/malal/node_modules/.bin:/Users/mouafa/.nvm/versions/node/v7.6.0/bin:/usr/local/bin:/usr/bin:/bin:/usr/sbin:/sbin:/usr/local/bin
10 verbose lifecycle malal@0.0.0-development~semantic-release: CWD: /Users/mouafa/Work/malal
11 silly lifecycle malal@0.0.0-development~semantic-release: Args: [ '-c',
11 silly lifecycle   'semantic-release pre && npm publish && semantic-release post' ]
12 silly lifecycle malal@0.0.0-development~semantic-release: Returned: code: 1  signal: null
13 info lifecycle malal@0.0.0-development~semantic-release: Failed to exec semantic-release script
14 verbose stack Error: malal@0.0.0-development semantic-release: `semantic-release pre && npm publish && semantic-release post`
14 verbose stack Exit status 1
14 verbose stack     at EventEmitter.<anonymous> (/Users/mouafa/.nvm/versions/node/v7.6.0/lib/node_modules/npm/lib/utils/lifecycle.js:279:16)
14 verbose stack     at emitTwo (events.js:106:13)
14 verbose stack     at EventEmitter.emit (events.js:192:7)
14 verbose stack     at ChildProcess.<anonymous> (/Users/mouafa/.nvm/versions/node/v7.6.0/lib/node_modules/npm/lib/utils/spawn.js:40:14)
14 verbose stack     at emitTwo (events.js:106:13)
14 verbose stack     at ChildProcess.emit (events.js:192:7)
14 verbose stack     at maybeClose (internal/child_process.js:890:16)
14 verbose stack     at Process.ChildProcess._handle.onexit (internal/child_process.js:226:5)
15 verbose pkgid malal@0.0.0-development
16 verbose cwd /Users/mouafa/Work/malal
17 error Darwin 16.4.0
18 error argv "/Users/mouafa/.nvm/versions/node/v7.6.0/bin/node" "/Users/mouafa/.nvm/versions/node/v7.6.0/bin/npm" "run" "semantic-release"
19 error node v7.6.0
20 error npm  v4.1.2
21 error code ELIFECYCLE
22 error malal@0.0.0-development semantic-release: `semantic-release pre && npm publish && semantic-release post`
22 error Exit status 1
23 error Failed at the malal@0.0.0-development semantic-release script 'semantic-release pre && npm publish && semantic-release post'.
23 error Make sure you have the latest version of node.js and npm installed.
23 error If you do, this is most likely a problem with the malal package,
23 error not with npm itself.
23 error Tell the author that this fails on your system:
23 error     semantic-release pre && npm publish && semantic-release post
23 error You can get information on how to open an issue for this project with:
23 error     npm bugs malal
23 error Or if that isn't available, you can get their info via:
23 error     npm owner ls malal
23 error There is likely additional logging output above.
24 verbose exit [ 1, true ]
